Jan-21 03:00:07.642 [main] DEBUG nextflow.cli.Launcher - $> nextflow ungrid.nf
Jan-21 03:00:07.759 [main] INFO  nextflow.cli.CmdRun - N E X T F L O W  ~  version 19.10.0
Jan-21 03:00:07.770 [main] INFO  nextflow.cli.CmdRun - Launching `ungrid.nf` [happy_shirley] - revision: fd01deceb0
Jan-21 03:00:07.791 [main] DEBUG nextflow.config.ConfigBuilder - Found config local: /home/ubuntu/dev/Metabolyze/nextflow.config
Jan-21 03:00:07.792 [main] DEBUG nextflow.config.ConfigBuilder - Parsing config file: /home/ubuntu/dev/Metabolyze/nextflow.config
Jan-21 03:00:07.815 [main] DEBUG nextflow.config.ConfigBuilder - Applying config profile: `standard`
Jan-21 03:00:08.274 [main] DEBUG nextflow.extension.OperatorEx - Dataflow extension methods: branch,buffer,chain,choice,collate,collect,collectFile,combine,concat,count,countBy,countFasta,countFastq,countLines,countText,cross,distinct,filter,first,flatMap,flatten,fork,groupBy,groupTuple,ifEmpty,into,join,last,map,max,mean,merge,min,mix,phase,print,println,randomSample,reduce,separate,set,splitCsv,splitFasta,splitFastq,splitText,spread,subscribe,sum,take,tap,toDouble,toFloat,toInteger,toList,toLong,toSortedList,transpose,unique,until,view
Jan-21 03:00:08.281 [main] DEBUG nextflow.Session - Session uuid: 018e77cc-28c8-445c-ada2-2fa81c239785
Jan-21 03:00:08.281 [main] DEBUG nextflow.Session - Run name: happy_shirley
Jan-21 03:00:08.281 [main] DEBUG nextflow.Session - Executor pool size: 2
Jan-21 03:00:08.324 [main] DEBUG nextflow.cli.CmdRun - 
  Version: 19.10.0 build 5170
  Created: 21-10-2019 15:07 UTC 
  System: Linux 4.15.0-1054-aws
  Runtime: Groovy 2.5.8 on OpenJDK 64-Bit Server VM 11.0.5+10-post-Ubuntu-0ubuntu1.118.04
  Encoding: UTF-8 (UTF-8)
  Process: 31974@ip-172-31-19-115 [172.31.19.115]
  CPUs: 2 - Mem: 3.9 GB (1.4 GB) - Swap: 0 (0)
Jan-21 03:00:08.347 [main] DEBUG nextflow.Session - Work-dir: /home/ubuntu/dev/Metabolyze/work [ext2/ext3]
Jan-21 03:00:08.348 [main] DEBUG nextflow.Session - Script base path does not exist or is not a directory: /home/ubuntu/dev/Metabolyze/bin
Jan-21 03:00:08.365 [main] DEBUG nextflow.Session - Observer factory: TowerFactory
Jan-21 03:00:08.367 [main] DEBUG nextflow.Session - Observer factory: DefaultObserverFactory
Jan-21 03:00:08.512 [main] DEBUG nextflow.Session - Session start invoked
Jan-21 03:00:08.726 [main] DEBUG nextflow.script.ScriptRunner - > Launching execution
Jan-21 03:00:08.911 [main] DEBUG nextflow.executor.ExecutorFactory - << taskConfig executor: null
Jan-21 03:00:08.911 [main] DEBUG nextflow.executor.ExecutorFactory - >> processorType: 'local'
Jan-21 03:00:08.916 [main] DEBUG nextflow.executor.Executor - [warm up] executor > local
Jan-21 03:00:08.922 [main] DEBUG n.processor.LocalPollingMonitor - Creating local task monitor for executor 'local' > cpus=2; memory=3.9 GB; capacity=2; pollInterval=100ms; dumpInterval=5m
Jan-21 03:00:08.966 [main] DEBUG nextflow.processor.TaskProcessor - Creating operator > ungrid -- maxForks: 2
Jan-21 03:00:09.002 [main] DEBUG nextflow.executor.ExecutorFactory - << taskConfig executor: null
Jan-21 03:00:09.003 [main] DEBUG nextflow.executor.ExecutorFactory - >> processorType: 'local'
Jan-21 03:00:09.004 [main] DEBUG nextflow.processor.TaskProcessor - Creating operator > skeleton -- maxForks: 2
Jan-21 03:00:09.011 [main] DEBUG nextflow.script.BaseScript - No entry workflow defined
Jan-21 03:00:09.012 [main] DEBUG nextflow.script.ScriptRunner - > Await termination 
Jan-21 03:00:09.012 [main] DEBUG nextflow.Session - Session await
Jan-21 03:00:09.097 [Actor Thread 2] DEBUG nextflow.util.CacheHelper - Unable to get file attributes file: /home/ubuntu/dev/Metabolyze/inputs/SQ0452.sqlite3 -- Cause: java.nio.file.NoSuchFileException: /home/ubuntu/dev/Metabolyze/inputs/SQ0452.sqlite3
Jan-21 03:00:09.187 [Task submitter] DEBUG nextflow.executor.LocalTaskHandler - Launch cmd line: /bin/bash -ue .command.run
Jan-21 03:00:09.192 [Task submitter] INFO  nextflow.Session - [61/7ac2c9] Submitted process > ungrid (1)
Jan-21 03:00:09.257 [Task monitor] DEBUG n.processor.TaskPollingMonitor - Task completed > TaskHandler[id: 1; name: ungrid (1); status: COMPLETED; exit: 1; error: -; workDir: /home/ubuntu/dev/Metabolyze/work/61/7ac2c98fdd6924366a547a77f89fd8]
Jan-21 03:00:09.284 [Task monitor] ERROR nextflow.processor.TaskProcessor - Error executing process > 'ungrid (1)'

Caused by:
  Process `ungrid (1)` terminated with an error exit status (1)

Command executed:

  python3 /home/ubuntu/dev/Metabolyze/scripts/ungrid.py SQ0452.sqlite3 20 0.31 1000000.0 1.10

Command exit status:
  1

Command output:
  (empty)

Command error:
  Starting the mega-query...
  Traceback (most recent call last):
    File "/home/ubuntu/dev/Metabolyze/scripts/ungrid.py", line 90, in <module>
      all_peaks = list(cur.execute(PEAK_SQL, (MIN_SIGNAL,)))
  sqlite3.OperationalError: no such table: ms1_peaks

Work dir:
  /home/ubuntu/dev/Metabolyze/work/61/7ac2c98fdd6924366a547a77f89fd8

Tip: when you have fixed the problem you can continue the execution adding the option `-resume` to the run command line
Jan-21 03:00:09.298 [main] DEBUG nextflow.Session - Session await > all process finished
Jan-21 03:00:09.307 [Task monitor] DEBUG nextflow.Session - Session aborted -- Cause: Process `ungrid (1)` terminated with an error exit status (1)
Jan-21 03:00:09.346 [main] DEBUG nextflow.Session - Session await > all barriers passed
Jan-21 03:00:09.352 [main] DEBUG nextflow.trace.StatsObserver - Workflow completed > WorkflowStats[succeedCount=0; failedCount=1; ignoredCount=0; cachedCount=0; succeedDuration=0ms; failedDuration=20ms; cachedDuration=0ms]
Jan-21 03:00:09.503 [main] DEBUG nextflow.CacheDB - Closing CacheDB done
Jan-21 03:00:09.509 [main] DEBUG nextflow.script.ScriptRunner - > Execution complete -- Goodbye
